\BOOKMARK [0][-]{part.1}{I \040 \040 \040 Linux \040 \04012 }{}% 1
\BOOKMARK [1][-]{section.1}{CVE-2010-4347 CVSS Score 6.9}{part.1}% 2
\BOOKMARK [2][-]{subsection.1.1}{}{section.1}% 3
\BOOKMARK [2][-]{subsection.1.2}{Exploit}{section.1}% 4
\BOOKMARK [1][-]{section.2}{CVE-2010-4346 CVSS Score 2.1}{part.1}% 5
\BOOKMARK [2][-]{subsection.2.1}{}{section.2}% 6
\BOOKMARK [1][-]{section.3}{CVE-2010-3881 CVSS Score 1.9}{part.1}% 7
\BOOKMARK [2][-]{subsection.3.1}{}{section.3}% 8
\BOOKMARK [1][-]{section.4}{CVE-2010-3880 CVSS Score 4.9}{part.1}% 9
\BOOKMARK [2][-]{subsection.4.1}{}{section.4}% 10
\BOOKMARK [1][-]{section.5}{CVE-2010-4157 CVSS Score 6.0}{part.1}% 11
\BOOKMARK [2][-]{subsection.5.1}{}{section.5}% 12
\BOOKMARK [1][-]{section.6}{CVE-2010-3904 CVSS Score 7.2}{part.1}% 13
\BOOKMARK [2][-]{subsection.6.1}{}{section.6}% 14
\BOOKMARK [1][-]{section.7}{CVE-2010-3066 CVSS Score 4.9}{part.1}% 15
\BOOKMARK [2][-]{subsection.7.1}{}{section.7}% 16
\BOOKMARK [1][-]{section.8}{CVE-2010-2962 CVSS Score 7.2}{part.1}% 17
\BOOKMARK [2][-]{subsection.8.1}{}{section.8}% 18
\BOOKMARK [1][-]{section.9}{CVE-2010-3705 CVSS Score 8.3}{part.1}% 19
\BOOKMARK [2][-]{subsection.9.1}{}{section.9}% 20
\BOOKMARK [1][-]{section.10}{CVE-2010-2963 CVSS Score 6.2}{part.1}% 21
\BOOKMARK [2][-]{subsection.10.1}{}{section.10}% 22
\BOOKMARK [1][-]{section.11}{CVE-2010-3698 CVSS Score 4.6}{part.1}% 23
\BOOKMARK [2][-]{subsection.11.1}{}{section.11}% 24
\BOOKMARK [1][-]{section.12}{CVE-2010-4249 CVSS Score 4.9}{part.1}% 25
\BOOKMARK [2][-]{subsection.12.1}{}{section.12}% 26
\BOOKMARK [2][-]{subsection.12.2}{Exploit}{section.12}% 27
\BOOKMARK [1][-]{section.13}{CVE-2010-3858 CVSS Score 4.9}{part.1}% 28
\BOOKMARK [2][-]{subsection.13.1}{}{section.13}% 29
\BOOKMARK [2][-]{subsection.13.2}{Exploit}{section.13}% 30
\BOOKMARK [1][-]{section.14}{CVE-2010-4248 CVSS Score 4.7}{part.1}% 31
\BOOKMARK [2][-]{subsection.14.1}{}{section.14}% 32
\BOOKMARK [1][-]{section.15}{CVE-2010-3432 CVSS Score 7.8}{part.1}% 33
\BOOKMARK [2][-]{subsection.15.1}{}{section.15}% 34
\BOOKMARK [1][-]{section.16}{CVE-2010-4165 CVSS Score 4.9}{part.1}% 35
\BOOKMARK [1][-]{section.17}{ CVE-2010-4169 CVSS Score 4.9}{part.1}% 36
\BOOKMARK [1][-]{section.18}{CVE-2010-2938 CVSS Score 4.9}{part.1}% 37
\BOOKMARK [2][-]{subsection.18.1}{}{section.18}% 38
\BOOKMARK [1][-]{section.19}{CVE-2010-3437 CVSS Score 6.6}{part.1}% 39
\BOOKMARK [2][-]{subsection.19.1}{}{section.19}% 40
\BOOKMARK [2][-]{subsection.19.2}{Exploit}{section.19}% 41
\BOOKMARK [1][-]{section.20}{CVE-2010-3442 CVSS Score 4.7}{part.1}% 42
\BOOKMARK [2][-]{subsection.20.1}{}{section.20}% 43
\BOOKMARK [1][-]{section.21}{CVE-2010-2653 CVSS Score 6.9}{part.1}% 44
\BOOKMARK [2][-]{subsection.21.1}{}{section.21}% 45
\BOOKMARK [1][-]{section.22}{CVE-2010-3081 CVSS Score 7.2}{part.1}% 46
\BOOKMARK [2][-]{subsection.22.1}{}{section.22}% 47
\BOOKMARK [2][-]{subsection.22.2}{Exploit}{section.22}% 48
\BOOKMARK [1][-]{section.23}{CVE-2010-3301 CVSS Score 7.2}{part.1}% 49
\BOOKMARK [2][-]{subsection.23.1}{}{section.23}% 50
\BOOKMARK [1][-]{section.24}{CVE-2010-2240 CVSS Score 7.2}{part.1}% 51
\BOOKMARK [2][-]{subsection.24.1}{}{section.24}% 52
\BOOKMARK [1][-]{section.25}{CVE-2010-2248 CVSS Score 7.8}{part.1}% 53
\BOOKMARK [2][-]{subsection.25.1}{}{section.25}% 54
\BOOKMARK [1][-]{section.26}{CVE-2010-2521 CVSS Score 10}{part.1}% 55
\BOOKMARK [2][-]{subsection.26.1}{}{section.26}% 56
\BOOKMARK [0][-]{part.2}{II \040}{}% 57
