\BOOKMARK [0][-]{part.1}{\376\377\000I\000\040\004\036\004\077\004\070\004\101\004\060\004\075\004\070\004\065\000\040\004\075\004\060\000\040\004\077\004\100\004\076\004\061\004\073\004\065\004\074\004\070\004\102\004\065\000\040\004\062\000\040\004\101\004\070\004\063\004\103\004\100\004\075\004\076\004\101\004\102\004\102\004\060\000\040\004\075\004\060\000\040\000L\000i\000n\000u\000x\000\040\004\117\004\064\004\100\004\076\004\102\004\076\000\040\004\062\000\040\004\077\004\076\004\101\004\073\004\065\004\064\004\075\004\070\004\102\004\065\000\040\0001\0002\000\040\004\074\004\065\004\101\004\065\004\106\004\060}{}% 1
\BOOKMARK [1][-]{section.1}{\376\377\000C\000V\000E\000-\0002\0000\0001\0000\000-\0004\0003\0004\0007\000\040\000C\000V\000S\000S\000\040\000S\000c\000o\000r\000e\000\040\0006\000.\0009}{part.1}% 2
\BOOKMARK [2][-]{subsection.1.1}{\376\377\004\036\004\077\004\070\004\101\004\060\004\075\004\070\004\065}{section.1}% 3
\BOOKMARK [2][-]{subsection.1.2}{\376\377\000E\000x\000p\000l\000o\000i\000t}{section.1}% 4
\BOOKMARK [1][-]{section.2}{\376\377\000C\000V\000E\000-\0002\0000\0001\0000\000-\0004\0003\0004\0006\000\040\000C\000V\000S\000S\000\040\000S\000c\000o\000r\000e\000\040\0002\000.\0001}{part.1}% 5
\BOOKMARK [2][-]{subsection.2.1}{\376\377\004\036\004\077\004\070\004\101\004\060\004\075\004\070\004\065}{section.2}% 6
\BOOKMARK [1][-]{section.3}{\376\377\000C\000V\000E\000-\0002\0000\0001\0000\000-\0003\0008\0008\0001\000\040\000C\000V\000S\000S\000\040\000S\000c\000o\000r\000e\000\040\0001\000.\0009}{part.1}% 7
\BOOKMARK [2][-]{subsection.3.1}{\376\377\004\036\004\077\004\070\004\101\004\060\004\075\004\070\004\065}{section.3}% 8
\BOOKMARK [1][-]{section.4}{\376\377\000C\000V\000E\000-\0002\0000\0001\0000\000-\0003\0008\0008\0000\000\040\000C\000V\000S\000S\000\040\000S\000c\000o\000r\000e\000\040\0004\000.\0009}{part.1}% 9
\BOOKMARK [2][-]{subsection.4.1}{\376\377\004\036\004\077\004\070\004\101\004\060\004\075\004\070\004\065}{section.4}% 10
\BOOKMARK [1][-]{section.5}{\376\377\000C\000V\000E\000-\0002\0000\0001\0000\000-\0004\0001\0005\0007\000\040\000C\000V\000S\000S\000\040\000S\000c\000o\000r\000e\000\040\0006\000.\0000}{part.1}% 11
\BOOKMARK [2][-]{subsection.5.1}{\376\377\004\036\004\077\004\070\004\101\004\060\004\075\004\070\004\065}{section.5}% 12
\BOOKMARK [1][-]{section.6}{\376\377\000C\000V\000E\000-\0002\0000\0001\0000\000-\0003\0009\0000\0004\000\040\000C\000V\000S\000S\000\040\000S\000c\000o\000r\000e\000\040\0007\000.\0002}{part.1}% 13
\BOOKMARK [2][-]{subsection.6.1}{\376\377\004\036\004\077\004\070\004\101\004\060\004\075\004\070\004\065}{section.6}% 14
\BOOKMARK [1][-]{section.7}{\376\377\000C\000V\000E\000-\0002\0000\0001\0000\000-\0003\0000\0006\0006\000\040\000C\000V\000S\000S\000\040\000S\000c\000o\000r\000e\000\040\0004\000.\0009}{part.1}% 15
\BOOKMARK [2][-]{subsection.7.1}{\376\377\004\036\004\077\004\070\004\101\004\060\004\075\004\070\004\065}{section.7}% 16
\BOOKMARK [1][-]{section.8}{\376\377\000C\000V\000E\000-\0002\0000\0001\0000\000-\0002\0009\0006\0002\000\040\000C\000V\000S\000S\000\040\000S\000c\000o\000r\000e\000\040\0007\000.\0002}{part.1}% 17
\BOOKMARK [2][-]{subsection.8.1}{\376\377\004\036\004\077\004\070\004\101\004\060\004\075\004\070\004\065}{section.8}% 18
\BOOKMARK [1][-]{section.9}{\376\377\000C\000V\000E\000-\0002\0000\0001\0000\000-\0003\0007\0000\0005\000\040\000C\000V\000S\000S\000\040\000S\000c\000o\000r\000e\000\040\0008\000.\0003}{part.1}% 19
\BOOKMARK [2][-]{subsection.9.1}{\376\377\004\036\004\077\004\070\004\101\004\060\004\075\004\070\004\065}{section.9}% 20
\BOOKMARK [1][-]{section.10}{\376\377\000C\000V\000E\000-\0002\0000\0001\0000\000-\0002\0009\0006\0003\000\040\000C\000V\000S\000S\000\040\000S\000c\000o\000r\000e\000\040\0006\000.\0002}{part.1}% 21
\BOOKMARK [2][-]{subsection.10.1}{\376\377\004\036\004\077\004\070\004\101\004\060\004\075\004\070\004\065}{section.10}% 22
\BOOKMARK [1][-]{section.11}{\376\377\000C\000V\000E\000-\0002\0000\0001\0000\000-\0003\0006\0009\0008\000\040\000C\000V\000S\000S\000\040\000S\000c\000o\000r\000e\000\040\0004\000.\0006}{part.1}% 23
\BOOKMARK [2][-]{subsection.11.1}{\376\377\004\036\004\077\004\070\004\101\004\060\004\075\004\070\004\065}{section.11}% 24
\BOOKMARK [1][-]{section.12}{\376\377\000C\000V\000E\000-\0002\0000\0001\0000\000-\0004\0002\0004\0009\000\040\000C\000V\000S\000S\000\040\000S\000c\000o\000r\000e\000\040\0004\000.\0009}{part.1}% 25
\BOOKMARK [2][-]{subsection.12.1}{\376\377\004\036\004\077\004\070\004\101\004\060\004\075\004\070\004\065}{section.12}% 26
\BOOKMARK [2][-]{subsection.12.2}{\376\377\000E\000x\000p\000l\000o\000i\000t}{section.12}% 27
\BOOKMARK [1][-]{section.13}{\376\377\000C\000V\000E\000-\0002\0000\0001\0000\000-\0003\0008\0005\0008\000\040\000C\000V\000S\000S\000\040\000S\000c\000o\000r\000e\000\040\0004\000.\0009}{part.1}% 28
\BOOKMARK [2][-]{subsection.13.1}{\376\377\004\036\004\077\004\070\004\101\004\060\004\075\004\070\004\065}{section.13}% 29
\BOOKMARK [2][-]{subsection.13.2}{\376\377\000E\000x\000p\000l\000o\000i\000t}{section.13}% 30
\BOOKMARK [1][-]{section.14}{\376\377\000C\000V\000E\000-\0002\0000\0001\0000\000-\0004\0002\0004\0008\000\040\000C\000V\000S\000S\000\040\000S\000c\000o\000r\000e\000\040\0004\000.\0007}{part.1}% 31
\BOOKMARK [2][-]{subsection.14.1}{\376\377\004\036\004\077\004\070\004\101\004\060\004\075\004\070\004\065}{section.14}% 32
\BOOKMARK [1][-]{section.15}{\376\377\000C\000V\000E\000-\0002\0000\0001\0000\000-\0003\0004\0003\0002\000\040\000C\000V\000S\000S\000\040\000S\000c\000o\000r\000e\000\040\0007\000.\0008}{part.1}% 33
\BOOKMARK [2][-]{subsection.15.1}{\376\377\004\036\004\077\004\070\004\101\004\060\004\075\004\070\004\065}{section.15}% 34
\BOOKMARK [1][-]{section.16}{\376\377\000C\000V\000E\000-\0002\0000\0001\0000\000-\0004\0001\0006\0005\000\040\000C\000V\000S\000S\000\040\000S\000c\000o\000r\000e\000\040\0004\000.\0009}{part.1}% 35
\BOOKMARK [1][-]{section.17}{\376\377\000\040\000C\000V\000E\000-\0002\0000\0001\0000\000-\0004\0001\0006\0009\000\040\000C\000V\000S\000S\000\040\000S\000c\000o\000r\000e\000\040\0004\000.\0009}{part.1}% 36
\BOOKMARK [1][-]{section.18}{\376\377\000C\000V\000E\000-\0002\0000\0001\0000\000-\0002\0009\0003\0008\000\040\000C\000V\000S\000S\000\040\000S\000c\000o\000r\000e\000\040\0004\000.\0009}{part.1}% 37
\BOOKMARK [2][-]{subsection.18.1}{\376\377\004\036\004\077\004\070\004\101\004\060\004\075\004\070\004\065}{section.18}% 38
\BOOKMARK [1][-]{section.19}{\376\377\000C\000V\000E\000-\0002\0000\0001\0000\000-\0003\0004\0003\0007\000\040\000C\000V\000S\000S\000\040\000S\000c\000o\000r\000e\000\040\0006\000.\0006}{part.1}% 39
\BOOKMARK [2][-]{subsection.19.1}{\376\377\004\036\004\077\004\070\004\101\004\060\004\075\004\070\004\065}{section.19}% 40
\BOOKMARK [2][-]{subsection.19.2}{\376\377\000E\000x\000p\000l\000o\000i\000t}{section.19}% 41
\BOOKMARK [1][-]{section.20}{\376\377\000C\000V\000E\000-\0002\0000\0001\0000\000-\0003\0004\0004\0002\000\040\000C\000V\000S\000S\000\040\000S\000c\000o\000r\000e\000\040\0004\000.\0007}{part.1}% 42
\BOOKMARK [2][-]{subsection.20.1}{\376\377\004\036\004\077\004\070\004\101\004\060\004\075\004\070\004\065}{section.20}% 43
\BOOKMARK [1][-]{section.21}{\376\377\000C\000V\000E\000-\0002\0000\0001\0000\000-\0002\0006\0005\0003\000\040\000C\000V\000S\000S\000\040\000S\000c\000o\000r\000e\000\040\0006\000.\0009}{part.1}% 44
\BOOKMARK [2][-]{subsection.21.1}{\376\377\004\036\004\077\004\070\004\101\004\060\004\075\004\070\004\065}{section.21}% 45
\BOOKMARK [1][-]{section.22}{\376\377\000C\000V\000E\000-\0002\0000\0001\0000\000-\0003\0000\0008\0001\000\040\000C\000V\000S\000S\000\040\000S\000c\000o\000r\000e\000\040\0007\000.\0002}{part.1}% 46
\BOOKMARK [2][-]{subsection.22.1}{\376\377\004\036\004\077\004\070\004\101\004\060\004\075\004\070\004\065}{section.22}% 47
\BOOKMARK [2][-]{subsection.22.2}{\376\377\000E\000x\000p\000l\000o\000i\000t}{section.22}% 48
\BOOKMARK [1][-]{section.23}{\376\377\000C\000V\000E\000-\0002\0000\0001\0000\000-\0003\0003\0000\0001\000\040\000C\000V\000S\000S\000\040\000S\000c\000o\000r\000e\000\040\0007\000.\0002}{part.1}% 49
\BOOKMARK [2][-]{subsection.23.1}{\376\377\004\036\004\077\004\070\004\101\004\060\004\075\004\070\004\065}{section.23}% 50
\BOOKMARK [1][-]{section.24}{\376\377\000C\000V\000E\000-\0002\0000\0001\0000\000-\0002\0002\0004\0000\000\040\000C\000V\000S\000S\000\040\000S\000c\000o\000r\000e\000\040\0007\000.\0002}{part.1}% 51
\BOOKMARK [2][-]{subsection.24.1}{\376\377\004\036\004\077\004\070\004\101\004\060\004\075\004\070\004\065}{section.24}% 52
\BOOKMARK [1][-]{section.25}{\376\377\000C\000V\000E\000-\0002\0000\0001\0000\000-\0002\0002\0004\0008\000\040\000C\000V\000S\000S\000\040\000S\000c\000o\000r\000e\000\040\0007\000.\0008}{part.1}% 53
\BOOKMARK [2][-]{subsection.25.1}{\376\377\004\036\004\077\004\070\004\101\004\060\004\075\004\070\004\065}{section.25}% 54
\BOOKMARK [1][-]{section.26}{\376\377\000C\000V\000E\000-\0002\0000\0001\0000\000-\0002\0005\0002\0001\000\040\000C\000V\000S\000S\000\040\000S\000c\000o\000r\000e\000\040\0001\0000}{part.1}% 55
\BOOKMARK [2][-]{subsection.26.1}{\376\377\004\036\004\077\004\070\004\101\004\060\004\075\004\070\004\065}{section.26}% 56
\BOOKMARK [1][-]{section.27}{\376\377\000C\000V\000E\000-\0002\0000\0001\0000\000-\0002\0004\0009\0005\000\040\000C\000V\000S\000S\000\040\000S\000c\000o\000r\000e\000\040\0001\0000}{part.1}% 57
\BOOKMARK [2][-]{subsection.27.1}{\376\377\004\036\004\077\004\070\004\101\004\060\004\075\004\070\004\065}{section.27}% 58
\BOOKMARK [1][-]{section.28}{\376\377\000C\000V\000E\000-\0002\0000\0001\0000\000-\0002\0009\0005\0004\000\040\000C\000V\000S\000S\000\040\000S\000c\000o\000r\000e\000\040\0004\000.\0009}{part.1}% 59
\BOOKMARK [2][-]{subsection.28.1}{\376\377\004\036\004\077\004\070\004\101\004\060\004\075\004\070\004\065}{section.28}% 60
\BOOKMARK [1][-]{section.29}{\376\377\000C\000V\000E\000-\0002\0000\0001\0000\000-\0002\0009\0006\0000\000\040\000C\000V\000S\000S\000\040\000S\000c\000o\000r\000e\000\040\0007\000.\0002}{part.1}% 61
\BOOKMARK [2][-]{subsection.29.1}{\376\377\004\036\004\077\004\070\004\101\004\060\004\075\004\070\004\065}{section.29}% 62
\BOOKMARK [1][-]{section.30}{\376\377\000C\000V\000E\000-\0002\0000\0001\0000\000-\0002\0009\0005\0009\000\040\000C\000V\000S\000S\000\040\000S\000c\000o\000r\000e\000\040\0007\000.\0002}{part.1}% 63
\BOOKMARK [2][-]{subsection.30.1}{\376\377\004\036\004\077\004\070\004\101\004\060\004\075\004\070\004\065}{section.30}% 64
\BOOKMARK [1][-]{section.31}{\376\377\000C\000V\000E\000-\0002\0000\0001\0000\000-\0002\0007\0009\0008\000\040\000C\000V\000S\000S\000\040\000S\000c\000o\000r\000e\000\040\0007\000.\0002}{part.1}% 65
\BOOKMARK [2][-]{subsection.31.1}{\376\377\004\036\004\077\004\070\004\101\004\060\004\075\004\070\004\065}{section.31}% 66
\BOOKMARK [1][-]{section.32}{\376\377\000C\000V\000E\000-\0002\0000\0001\0000\000-\0003\0000\0001\0005\000\040\000C\000V\000S\000S\000\040\000S\000c\000o\000r\000e\000\040\0004\000.\0007}{part.1}% 67
\BOOKMARK [2][-]{subsection.32.1}{\376\377\004\036\004\077\004\070\004\101\004\060\004\075\004\070\004\065}{section.32}% 68
\BOOKMARK [1][-]{section.33}{\376\377\000C\000V\000E\000-\0002\0000\0001\0000\000-\0002\0000\0007\0001\000\040\000C\000V\000S\000S\000\040\000S\000c\000o\000r\000e\000\040\0004\000.\0006}{part.1}% 69
\BOOKMARK [2][-]{subsection.33.1}{\376\377\004\036\004\077\004\070\004\101\004\060\004\075\004\070\004\065}{section.33}% 70
\BOOKMARK [2][-]{subsection.33.2}{\376\377\000E\000x\000p\000l\000o\000i\000t}{section.33}% 71
\BOOKMARK [1][-]{section.34}{\376\377\000C\000V\000E\000-\0002\0000\0001\0000\000-\0001\0006\0004\0001\000\040\000C\000V\000S\000S\000\040\000S\000c\000o\000r\000e\000\040\0004\000.\0006}{part.1}% 72
\BOOKMARK [2][-]{subsection.34.1}{\376\377\004\036\004\077\004\070\004\101\004\060\004\075\004\070\004\065}{section.34}% 73
\BOOKMARK [1][-]{section.35}{\376\377\000C\000V\000E\000-\0002\0000\0001\0000\000-\0001\0001\0006\0002\000\040\000C\000V\000S\000S\000\040\000S\000c\000o\000r\000e\000\040\0007\000.\0002}{part.1}% 74
\BOOKMARK [2][-]{subsection.35.1}{\376\377\004\036\004\077\004\070\004\101\004\060\004\075\004\070\004\065}{section.35}% 75
\BOOKMARK [1][-]{section.36}{\376\377\000C\000V\000E\000-\0002\0000\0001\0000\000-\0001\0001\0004\0006\000\040\000C\000V\000S\000S\000\040\000S\000c\000o\000r\000e\000\040\0006\000.\0009}{part.1}% 76
\BOOKMARK [2][-]{subsection.36.1}{\376\377\004\036\004\077\004\070\004\101\004\060\004\075\004\070\004\065}{section.36}% 77
\BOOKMARK [2][-]{subsection.36.2}{\376\377\000E\000x\000p\000l\000o\000i\000t}{section.36}% 78
\BOOKMARK [1][-]{section.37}{\376\377\000C\000V\000E\000-\0002\0000\0001\0000\000-\0001\0001\0004\0008\000\040\000C\000V\000S\000S\000\040\000S\000c\000o\000r\000e\000\040\0004\000.\0007}{part.1}% 79
\BOOKMARK [2][-]{subsection.37.1}{\376\377\004\036\004\077\004\070\004\101\004\060\004\075\004\070\004\065}{section.37}% 80
\BOOKMARK [1][-]{section.38}{\376\377\000C\000V\000E\000-\0002\0000\0001\0000\000-\0001\0000\0008\0008\000\040\000C\000V\000S\000S\000\040\000S\000c\000o\000r\000e\000\040\0005\000.\0004}{part.1}% 81
\BOOKMARK [2][-]{subsection.38.1}{\376\377\004\036\004\077\004\070\004\101\004\060\004\075\004\070\004\065}{section.38}% 82
\BOOKMARK [1][-]{section.39}{\376\377\000C\000V\000E\000-\0002\0000\0001\0000\000-\0001\0000\0008\0003\000\040\000C\000V\000S\000S\000\040\000S\000c\000o\000r\000e\000\040\0004\000.\0007}{part.1}% 83
\BOOKMARK [2][-]{subsection.39.1}{\376\377\004\036\004\077\004\070\004\101\004\060\004\075\004\070\004\065}{section.39}% 84
\BOOKMARK [1][-]{section.40}{\376\377\000C\000V\000E\000-\0002\0000\0001\0000\000-\0001\0000\0008\0007\000\040\000C\000V\000S\000S\000\040\000S\000c\000o\000r\000e\000\040\0007\000.\0008}{part.1}% 85
\BOOKMARK [2][-]{subsection.40.1}{\376\377\004\036\004\077\004\070\004\101\004\060\004\075\004\070\004\065}{section.40}% 86
\BOOKMARK [1][-]{section.41}{\376\377\000C\000V\000E\000-\0002\0000\0001\0000\000-\0001\0000\0008\0006\000\040\000C\000V\000S\000S\000\040\000S\000c\000o\000r\000e\000\040\0007\000.\0008}{part.1}% 87
\BOOKMARK [2][-]{subsection.41.1}{\376\377\004\036\004\077\004\070\004\101\004\060\004\075\004\070\004\065}{section.41}% 88
\BOOKMARK [1][-]{section.42}{\376\377\000C\000V\000E\000-\0002\0000\0001\0000\000-\0001\0000\0008\0005\000\040\000C\000V\000S\000S\000\040\000S\000c\000o\000r\000e\000\040\0007\000.\0001}{part.1}% 89
\BOOKMARK [2][-]{subsection.42.1}{\376\377\004\036\004\077\004\070\004\101\004\060\004\075\004\070\004\065}{section.42}% 90
\BOOKMARK [1][-]{section.43}{\376\377\000C\000V\000E\000-\0002\0000\0001\0000\000-\0001\0000\0008\0004\000\040\000C\000V\000S\000S\000\040\000S\000c\000o\000r\000e\000\040\0007\000.\0001}{part.1}% 91
\BOOKMARK [2][-]{subsection.43.1}{\376\377\004\036\004\077\004\070\004\101\004\060\004\075\004\070\004\065}{section.43}% 92
\BOOKMARK [1][-]{section.44}{\376\377\000C\000V\000E\000-\0002\0000\0001\0000\000-\0001\0001\0008\0008\000\040\000C\000V\000S\000S\000\040\000S\000c\000o\000r\000e\000\040\0007\000.\0001}{part.1}% 93
\BOOKMARK [2][-]{subsection.44.1}{\376\377\004\036\004\077\004\070\004\101\004\060\004\075\004\070\004\065}{section.44}% 94
\BOOKMARK [1][-]{section.45}{\376\377\000C\000V\000E\000-\0002\0000\0001\0000\000-\0001\0001\0008\0007\000\040\000C\000V\000S\000S\000\040\000S\000c\000o\000r\000e\000\040\0004\000.\0009}{part.1}% 95
\BOOKMARK [2][-]{subsection.45.1}{\376\377\004\036\004\077\004\070\004\101\004\060\004\075\004\070\004\065}{section.45}% 96
\BOOKMARK [1][-]{section.46}{\376\377\000C\000V\000E\000-\0002\0000\0001\0000\000-\0000\0004\0003\0007\000\040\000C\000V\000S\000S\000\040\000S\000c\000o\000r\000e\000\040\0007\000.\0008}{part.1}% 97
\BOOKMARK [2][-]{subsection.46.1}{\376\377\004\036\004\077\004\070\004\101\004\060\004\075\004\070\004\065}{section.46}% 98
\BOOKMARK [1][-]{section.47}{\376\377\000C\000V\000E\000-\0002\0000\0001\0000\000-\0000\0007\0002\0007\000\040\000C\000V\000S\000S\000\040\000S\000c\000o\000r\000e\000\040\0004\000.\0007}{part.1}% 99
\BOOKMARK [2][-]{subsection.47.1}{\376\377\004\036\004\077\004\070\004\101\004\060\004\075\004\070\004\065}{section.47}% 100
\BOOKMARK [1][-]{section.48}{\376\377\000C\000V\000E\000-\0002\0000\0001\0000\000-\0000\0004\0001\0000\000\040\000C\000V\000S\000S\000\040\000S\000c\000o\000r\000e\000\040\0004\000.\0009}{part.1}% 101
\BOOKMARK [2][-]{subsection.48.1}{\376\377\004\036\004\077\004\070\004\101\004\060\004\075\004\070\004\065}{section.48}% 102
\BOOKMARK [1][-]{section.49}{\376\377\000C\000V\000E\000-\0002\0000\0001\0000\000-\0000\0006\0002\0003\000\040\000C\000V\000S\000S\000\040\000S\000c\000o\000r\000e\000\040\0004\000.\0009}{part.1}% 103
\BOOKMARK [2][-]{subsection.49.1}{\376\377\004\036\004\077\004\070\004\101\004\060\004\075\004\070\004\065}{section.49}% 104
\BOOKMARK [1][-]{section.50}{\376\377\000C\000V\000E\000-\0002\0000\0001\0000\000-\0000\0006\0002\0002\000\040\000C\000V\000S\000S\000\040\000S\000c\000o\000r\000e\000\040\0002\000.\0001}{part.1}% 105
\BOOKMARK [2][-]{subsection.50.1}{\376\377\004\036\004\077\004\070\004\101\004\060\004\075\004\070\004\065}{section.50}% 106
\BOOKMARK [1][-]{section.51}{\376\377\000C\000V\000E\000-\0002\0000\0001\0000\000-\0000\0003\0000\0007\000\040\000C\000V\000S\000S\000\040\000S\000c\000o\000r\000e\000\040\0004\000.\0007}{part.1}% 107
\BOOKMARK [2][-]{subsection.51.1}{\376\377\004\036\004\077\004\070\004\101\004\060\004\075\004\070\004\065}{section.51}% 108
\BOOKMARK [1][-]{section.52}{\376\377\000C\000V\000E\000-\0002\0000\0001\0000\000-\0000\0002\0009\0001\000\040\000C\000V\000S\000S\000\040\000S\000c\000o\000r\000e\000\040\0004\000.\0006}{part.1}% 109
\BOOKMARK [2][-]{subsection.52.1}{\376\377\004\036\004\077\004\070\004\101\004\060\004\075\004\070\004\065}{section.52}% 110
\BOOKMARK [1][-]{section.53}{\376\377\000C\000V\000E\000-\0002\0000\0000\0009\000-\0004\0002\0007\0002\000\040\000C\000V\000S\000S\000\040\000S\000c\000o\000r\000e\000\040\0007\000.\0008}{part.1}% 111
\BOOKMARK [2][-]{subsection.53.1}{\376\377\004\036\004\077\004\070\004\101\004\060\004\075\004\070\004\065}{section.53}% 112
\BOOKMARK [1][-]{section.54}{\376\377\000C\000V\000E\000-\0002\0000\0001\0000\000-\0000\0000\0000\0006\000\040\000C\000V\000S\000S\000\040\000S\000c\000o\000r\000e\000\040\0007\000.\0001}{part.1}% 113
\BOOKMARK [2][-]{subsection.54.1}{\376\377\004\036\004\077\004\070\004\101\004\060\004\075\004\070\004\065}{section.54}% 114
\BOOKMARK [1][-]{section.55}{\376\377\000C\000V\000E\000-\0002\0000\0001\0000\000-\0000\0000\0000\0007\000\040\000C\000V\000S\000S\000\040\000S\000c\000o\000r\000e\000\040\0002\000.\0001}{part.1}% 115
\BOOKMARK [2][-]{subsection.55.1}{\376\377\004\036\004\077\004\070\004\101\004\060\004\075\004\070\004\065}{section.55}% 116
\BOOKMARK [1][-]{section.56}{\376\377\000C\000V\000E\000-\0002\0000\0000\0009\000-\0004\0001\0004\0001\000\040\000C\000V\000S\000S\000\040\000S\000c\000o\000r\000e\000\040\0007\000.\0002}{part.1}% 117
\BOOKMARK [2][-]{subsection.56.1}{\376\377\004\036\004\077\004\070\004\101\004\060\004\075\004\070\004\065}{section.56}% 118
\BOOKMARK [2][-]{subsection.56.2}{\376\377\000E\000x\000p\000l\000o\000i\000t}{section.56}% 119
\BOOKMARK [0][-]{part.2}{\376\377\000I\000I\000\040\004\041\004\102\004\060\004\102\004\070\004\101\004\102\004\070\004\107\004\065\004\101\004\072\004\070\000\040\004\060\004\075\004\060\004\073\004\070\004\067}{}% 120
\BOOKMARK [1][-]{section.1}{\376\377\004\037\004\100\004\070\004\076\004\100\004\070\004\102\004\070\004\067\004\070\004\100\004\060\004\075\004\065\000\040\004\075\004\060\000\040\004\062\004\101\004\070\004\107\004\072\004\070\000\040\004\077\004\100\004\076\004\061\004\073\004\065\004\074\004\070\000\040\004\072\004\076\004\070\004\102\004\076\000\040\004\062\004\076\004\064\004\117\004\102\000\040\004\064\004\076\000\040\004\077\004\076\004\102\004\065\004\075\004\106\004\070\004\060\004\073\004\065\004\075\000\040\000D\000o\000S}{part.2}% 121
\BOOKMARK [1][-]{section.2}{\376\377\004\041\004\102\004\060\004\102\004\070\004\101\004\102\004\070\004\107\004\065\004\101\004\072\004\070\000\040\004\060\004\075\004\060\004\073\004\070\004\067\000\040\004\075\004\060\000\040\004\062\004\100\004\065\004\074\004\065\004\102\004\076\000\040\004\067\004\060\000\040\004\070\004\067\004\073\004\070\004\067\004\060\004\075\004\065\000\040\004\075\004\060\000\040\000e\000x\000p\000l\000o\000i\000t\000\040\004\067\004\060\000\040\004\075\004\060\004\074\004\065\004\100\004\065\004\075\004\070\004\102\004\065\000\040\004\077\004\100\004\076\004\061\004\073\004\065\004\074\004\070}{part.2}% 122
\BOOKMARK [1][-]{section.3}{\376\377\004\041\004\102\004\060\004\102\004\070\004\101\004\102\004\070\004\107\004\065\004\101\004\072\004\070\000\040\004\060\004\075\004\060\004\073\004\070\004\067\000\040\004\075\004\060\000\040\004\062\004\100\004\065\004\074\004\065\004\102\004\076\000\040\004\067\004\060\000\040\004\100\004\065\004\110\004\060\004\062\004\060\004\075\004\065\000\040\004\075\004\060\000\040\004\075\004\060\004\074\004\065\004\100\004\065\004\075\004\070\004\102\004\065\000\040\004\077\004\100\004\076\004\061\004\073\004\065\004\074\004\070}{part.2}% 123
\BOOKMARK [1][-]{section.4}{\376\377\000K\004\076\004\073\004\072\004\076\000\040\004\062\004\100\004\065\004\074\004\065\000\040\004\101\004\073\004\065\004\064\000\040\004\076\004\061\004\117\004\062\004\117\004\062\004\060\004\075\004\065\004\102\004\076\000\040\004\075\004\060\000\040\004\072\004\100\004\070\004\102\004\070\004\107\004\065\004\075\000\040\004\077\004\100\004\076\004\061\004\073\004\065\004\074\000\040\004\062\000\040\004\101\004\070\004\063\004\103\004\100\004\075\004\076\004\101\004\102\004\102\004\060\000\040\004\075\004\060\000\040\004\117\004\064\004\100\004\076\004\102\004\076\000\040\004\065\000\040\004\062\004\112\004\067\004\074\004\076\004\066\004\075\004\076\000\040\004\074\004\060\004\110\004\070\004\075\004\060\000\040\004\064\004\060\000\040\004\061\004\112\004\064\004\065\000\040\004\072\004\076\004\074\004\077\004\100\004\076\004\074\004\065\004\102\004\070\004\100\004\060\004\075\004\060\000\050\000e\000x\000p\000l\000o\000i\000t\000e\000d\000\051\000\040\004\070\000\040\004\072\004\076\004\073\004\072\004\076\000\040\004\065\000\040\004\062\004\065\004\100\004\076\004\117\004\102\004\075\004\076\000\040\004\102\004\076\004\062\004\060\000\040\004\064\004\060\000\040\004\101\004\065\000\040\004\101\004\073\004\103\004\107\004\070}{part.2}% 124
