This is pdfTeX, Version 3.1415926-1.40.10 (TeX Live 2009/Arch Linux) (format=pdflatex 2010.1.23)  3 JUN 2010 03:54
entering extended mode
 restricted \write18 enabled.
 %&-line parsing enabled.
**documentation.tex
(./documentation.tex
LaTeX2e <2009/09/24>
Babel <v3.8l> and hyphenation patterns for english, usenglishmax, dumylang, noh
yphenation, german-x-2009-06-19, ngerman-x-2009-06-19, ancientgreek, ibycus, ar
abic, basque, bulgarian, catalan, pinyin, coptic, croatian, czech, danish, dutc
h, esperanto, estonian, farsi, finnish, french, galician, german, ngerman, mono
greek, greek, hungarian, icelandic, indonesian, interlingua, irish, italian, ku
rmanji, latin, latvian, lithuanian, mongolian, mongolian2a, bokmal, nynorsk, po
lish, portuguese, romanian, russian, sanskrit, serbian, slovak, slovenian, span
ish, swedish, turkish, ukenglish, ukrainian, uppersorbian, welsh, loaded.
(/usr/share/texmf-dist/tex/latex/base/article.cls
Document Class: article 2007/10/19 v1.4h Standard LaTeX document class
(/usr/share/texmf-dist/tex/latex/base/size10.clo
File: size10.clo 2007/10/19 v1.4h Standard LaTeX file (size option)
)
\c@part=\count79
\c@section=\count80
\c@subsection=\count81
\c@subsubsection=\count82
\c@paragraph=\count83
\c@subparagraph=\count84
\c@figure=\count85
\c@table=\count86
\abovecaptionskip=\skip41
\belowcaptionskip=\skip42
\bibindent=\dimen102
)
(/usr/share/texmf-dist/tex/latex/base/inputenc.sty
Package: inputenc 2008/03/30 v1.1d Input encoding file
\inpenc@prehook=\toks14
\inpenc@posthook=\toks15

(/usr/share/texmf/tex/latex/ucs/utf8x.def
File: utf8x.def 2004/10/17 UCS: Input encoding UTF-8
))
(/usr/share/texmf/tex/latex/ucs/ucs.sty
Package: ucs 2004/10/17 UCS: Unicode input support

(/usr/share/texmf/tex/latex/ucs/data/uni-global.def
File: uni-global.def 2004/10/17 UCS: Unicode global data
)
\uc@secondtry=\count87
\uc@combtoks=\toks16
\uc@combtoksb=\toks17
\uc@temptokena=\toks18
)
(/usr/share/texmf-dist/tex/latex/base/fontenc.sty
Package: fontenc 2005/09/27 v1.99g Standard LaTeX package

(/usr/share/texmf-dist/tex/latex/base/t1enc.def
File: t1enc.def 2005/09/27 v1.99g Standard LaTeX file
LaTeX Font Info:    Redeclaring font encoding T1 on input line 43.
))
(/usr/share/texmf-dist/tex/generic/babel/babel.sty
Package: babel 2008/07/06 v3.8l The Babel package

(/usr/share/texmf-dist/tex/generic/babel/bulgarian.ldf
Language: bulgarian 2008/03/21 v1.0g Bulgarian support from the babel system

(/usr/share/texmf-dist/tex/generic/babel/babel.def
File: babel.def 2008/07/06 v3.8l Babel common definitions
\babel@savecnt=\count88
\U@D=\dimen103
)
(/usr/share/texmf-dist/tex/latex/cyrillic/t2aenc.def
File: t2aenc.def 2005/09/27 v1.0i Cyrillic encoding definition file
)
Package babel Info: Making " an active character on input line 229.
))
(/usr/share/texmf-dist/tex/latex/graphics/graphicx.sty
Package: graphicx 1999/02/16 v1.0f Enhanced LaTeX Graphics (DPC,SPQR)

(/usr/share/texmf-dist/tex/latex/graphics/keyval.sty
Package: keyval 1999/03/16 v1.13 key=value parser (DPC)
\KV@toks@=\toks19
)
(/usr/share/texmf-dist/tex/latex/graphics/graphics.sty
Package: graphics 2009/02/05 v1.0o Standard LaTeX Graphics (DPC,SPQR)

(/usr/share/texmf-dist/tex/latex/graphics/trig.sty
Package: trig 1999/03/16 v1.09 sin cos tan (DPC)
)
(/usr/share/texmf-dist/tex/latex/latexconfig/graphics.cfg
File: graphics.cfg 2009/08/28 v1.8 graphics configuration of TeX Live
)
Package graphics Info: Driver file: pdftex.def on input line 91.

(/usr/share/texmf-dist/tex/latex/pdftex-def/pdftex.def
File: pdftex.def 2009/08/25 v0.04m Graphics/color for pdfTeX
\Gread@gobject=\count89
))
\Gin@req@height=\dimen104
\Gin@req@width=\dimen105
)
(/usr/share/texmf-dist/tex/latex/base/alltt.sty
Package: alltt 1997/06/16 v2.0g defines alltt environment
) (./documentation.aux
LaTeX Font Info:    Try loading font information for T2A+cmr on input line 3.

(/usr/share/texmf-dist/tex/latex/cyrillic/t2acmr.fd
File: t2acmr.fd 2001/08/11 v1.0a Computer Modern Cyrillic font definitions
))
\openout1 = `documentation.aux'.

LaTeX Font Info:    Checking defaults for OML/cmm/m/it on input line 12.
LaTeX Font Info:    ... okay on input line 12.
LaTeX Font Info:    Checking defaults for T1/cmr/m/n on input line 12.
LaTeX Font Info:    ... okay on input line 12.
LaTeX Font Info:    Checking defaults for OT1/cmr/m/n on input line 12.
LaTeX Font Info:    ... okay on input line 12.
LaTeX Font Info:    Checking defaults for OMS/cmsy/m/n on input line 12.
LaTeX Font Info:    ... okay on input line 12.
LaTeX Font Info:    Checking defaults for OMX/cmex/m/n on input line 12.
LaTeX Font Info:    ... okay on input line 12.
LaTeX Font Info:    Checking defaults for U/cmr/m/n on input line 12.
LaTeX Font Info:    ... okay on input line 12.
LaTeX Font Info:    Checking defaults for T2A/cmr/m/n on input line 12.
LaTeX Font Info:    ... okay on input line 12.

(/usr/share/texmf/tex/latex/ucs/ucsencs.def
File: ucsencs.def 2003/11/29 Fixes to fontencodings LGR, T3
)
(/usr/share/texmf-dist/tex/context/base/supp-pdf.mkii
[Loading MPS to PDF converter (version 2006.09.02).]
\scratchcounter=\count90
\scratchdimen=\dimen106
\scratchbox=\box26
\nofMPsegments=\count91
\nofMParguments=\count92
\everyMPshowfont=\toks20
\MPscratchCnt=\count93
\MPscratchDim=\dimen107
\MPnumerator=\count94
\everyMPtoPDFconversion=\toks21
) (/usr/share/texmf/tex/latex/ucs/data/uni-4.def
File: uni-4.def 2004/10/17 UCS: Unicode data U+0400..U+04FF
)
LaTeX Font Info:    External font `cmex10' loaded for size
(Font)              <12> on input line 13.
LaTeX Font Info:    External font `cmex10' loaded for size
(Font)              <8> on input line 13.
LaTeX Font Info:    External font `cmex10' loaded for size
(Font)              <6> on input line 13.
 [1

{/home/valentina/.texlive/texmf-var/fonts/map/pdftex/updmap/pdftex.map}]
Overfull \hbox (13.45303pt too wide) in paragraph at lines 17--26
\T2A/cmr/bx/n/10 GIS \T2A/cmr/m/n/10 оз-на-ча-ва Ге-ог-раф-с-ка Ин-фор-ма-ци-он
-на Сис-те-ма и е един от най-очевидните
 []


Underfull \hbox (badness 10000) in paragraph at lines 17--26

 []

LaTeX Font Info:    Try loading font information for OMS+cmr on input line 27.
(/usr/share/texmf-dist/tex/latex/base/omscmr.fd
File: omscmr.fd 1999/05/25 v2.5h Standard LaTeX font definitions
)
LaTeX Font Info:    Font shape `OMS/cmr/m/n' in size <10> not available
(Font)              Font shape `OMS/cmsy/m/n' tried instead on input line 27.

Underfull \hbox (badness 10000) in paragraph at lines 32--35

 []


Overfull \hbox (23.48068pt too wide) in paragraph at lines 35--35
\T2A/cmr/bx/n/14.4 ба-зи дан-ни с прос-т-ран-с-т-ве-но раз-ши-ре-ние, вклю-
 []

<gis-datatypes.png, id=8, 532.99126pt x 280.04625pt>
File: gis-datatypes.png Graphic file (type png)
 <use gis-datatypes.png>
[2 <./gis-datatypes.png (PNG copy)>]
<rtree.png, id=16, 539.89941pt x 705.89302pt>
File: rtree.png Graphic file (type png)
 <use rtree.png>
LaTeX Font Info:    External font `cmex10' loaded for size
(Font)              <7> on input line 61.
LaTeX Font Info:    External font `cmex10' loaded for size
(Font)              <5> on input line 61.
 [3 <./rtree.png (PNG copy)>] <Diagram1.png, id=21, 602.25pt x 167.62625pt>
File: Diagram1.png Graphic file (type png)
 <use Diagram1.png>
[4 <./Diagram1.png>]
LaTeX Font Info:    Try loading font information for T2A+cmtt on input line 111
.
 (/usr/share/texmf-dist/tex/latex/cyrillic/t2acmtt.fd
File: t2acmtt.fd 2001/08/11 v1.0a Computer Modern Cyrillic font definitions
)
[5] [6] (./documentation.aux) ) 
Here is how much of TeX's memory you used:
 2831 strings out of 493847
 34942 string characters out of 3153979
 88914 words of memory out of 3000000
 6089 multiletter control sequences out of 15000+200000
 13987 words of font info for 33 fonts, out of 3000000 for 9000
 714 hyphenation exceptions out of 8191
 25i,6n,24p,1157b,677s stack positions out of 5000i,500n,10000p,200000b,50000s
 </home/valentina/.texlive/texmf-var/fonts/pk/lj
four/lh/lh-t2a/latt1000.600pk> </home/valentina/.texlive/texmf-var/fonts/pk/ljf
our/public/cm/cmmi12.600pk> </usr/share/texmf-dist/fonts/pk/ljfour/public/cm/dp
i600/cmr7.pk> </home/valentina/.texlive/texmf-var/fonts/pk/ljfour/lh/lh-t2a/lat
i1000.600pk> </usr/share/texmf-dist/fonts/pk/ljfour/public/cm/dpi600/cmr10.pk> 
</usr/share/texmf-dist/fonts/pk/ljfour/public/cm/dpi600/cmmi10.pk> </home/valen
tina/.texlive/texmf-var/fonts/pk/ljfour/lh/lh-t2a/labx1200.600pk> </usr/share/t
exmf-dist/fonts/pk/ljfour/public/cm/dpi600/cmsy10.pk> </home/valentina/.texlive
/texmf-var/fonts/pk/ljfour/lh/lh-t2a/labx1000.600pk> </home/valentina/.texlive/
texmf-var/fonts/pk/ljfour/lh/lh-t2a/labx1440.600pk> </home/valentina/.texlive/t
exmf-var/fonts/pk/ljfour/lh/lh-t2a/larm1000.600pk> </home/valentina/.texlive/te
xmf-var/fonts/pk/ljfour/lh/lh-t2a/larm1200.600pk> </home/valentina/.texlive/tex
mf-var/fonts/pk/ljfour/lh/lh-t2a/larm1728.600pk>
Output written on documentation.pdf (6 pages, 191041 bytes).
PDF statistics:
 422 PDF objects out of 1000 (max. 8388607)
 0 named destinations out of 1000 (max. 500000)
 16 words of extra memory for PDF output out of 10000 (max. 10000000)

