This is pdfTeX, Version 3.1415926-1.40.10 (TeX Live 2009/Arch Linux) (format=pdflatex 2010.1.20)  3 JUN 2010 13:31
entering extended mode
 restricted \write18 enabled.
 %&-line parsing enabled.
**index.tex
(./index.tex
LaTeX2e <2009/09/24>
Babel <v3.8l> and hyphenation patterns for english, usenglishmax, dumylang, noh
yphenation, german-x-2009-06-19, ngerman-x-2009-06-19, ancientgreek, ibycus, ar
abic, basque, bulgarian, catalan, pinyin, coptic, croatian, czech, danish, dutc
h, esperanto, estonian, farsi, finnish, french, galician, german, ngerman, mono
greek, greek, hungarian, icelandic, indonesian, interlingua, irish, italian, ku
rmanji, latin, latvian, lithuanian, mongolian, mongolian2a, bokmal, nynorsk, po
lish, portuguese, romanian, russian, sanskrit, serbian, slovak, slovenian, span
ish, swedish, turkish, ukenglish, ukrainian, uppersorbian, welsh, loaded.

! LaTeX Error: Environment alltt undefined.

See the LaTeX manual or LaTeX Companion for explanation.
Type  H <return>  for immediate help.
 ...                                              
                                                  
l.1 \begin{alltt}
                 
Your command was ignored.
Type  I <command> <return>  to replace it with another command,
or  <return>  to continue without it.


! LaTeX Error: Missing \begin{document}.

See the LaTeX manual or LaTeX Companion for explanation.
Type  H <return>  for immediate help.
 ...                                              
                                                  
l.2  m
      ysql> SELECT name, AsText(loc) FROM map_test WHERE
You're in trouble here.  Try typing  <return>  to proceed.
If that doesn't work, type  X <return>  to quit.

Missing character: There is no m in font nullfont!
Missing character: There is no y in font nullfont!
Missing character: There is no s in font nullfont!
Missing character: There is no q in font nullfont!
Missing character: There is no l in font nullfont!
Missing character: There is no > in font nullfont!
Missing character: There is no S in font nullfont!
Missing character: There is no E in font nullfont!
Missing character: There is no L in font nullfont!
Missing character: There is no E in font nullfont!
Missing character: There is no C in font nullfont!
Missing character: There is no T in font nullfont!
Missing character: There is no n in font nullfont!
Missing character: There is no a in font nullfont!
Missing character: There is no m in font nullfont!
Missing character: There is no e in font nullfont!
Missing character: There is no , in font nullfont!
Missing character: There is no A in font nullfont!
Missing character: There is no s in font nullfont!
Missing character: There is no T in font nullfont!
Missing character: There is no e in font nullfont!
Missing character: There is no x in font nullfont!
Missing character: There is no t in font nullfont!
Missing character: There is no ( in font nullfont!
Missing character: There is no l in font nullfont!
Missing character: There is no o in font nullfont!
Missing character: There is no c in font nullfont!
Missing character: There is no ) in font nullfont!
Missing character: There is no F in font nullfont!
Missing character: There is no R in font nullfont!
Missing character: There is no O in font nullfont!
Missing character: There is no M in font nullfont!
Missing character: There is no m in font nullfont!
Missing character: There is no a in font nullfont!
Missing character: There is no p in font nullfont!
! Missing $ inserted.
<inserted text> 
                $
l.2  mysql> SELECT name, AsText(loc) FROM map_
                                              test WHERE
I've inserted a begin-math/end-math symbol since I think
you left one out. Proceed, with fingers crossed.

LaTeX Font Info:    External font `cmex10' loaded for size
(Font)              <7> on input line 2.
LaTeX Font Info:    External font `cmex10' loaded for size
(Font)              <5> on input line 2.
! Missing $ inserted.
<inserted text> 
                $
l.6 
    
I've inserted a begin-math/end-math symbol since I think
you left one out. Proceed, with fingers crossed.


Overfull \hbox (20.0pt too wide) in paragraph at lines 2--6
[]
 []


Overfull \hbox (78.35413pt too wide) in paragraph at lines 2--6
[]\OML/cmm/m/it/10 estWHERE\OMS/cmsy/m/n/10 ^^@ \OML/cmm/m/it/10 >
 []


Overfull \hbox (63.96626pt too wide) in paragraph at lines 2--6
\OML/cmm/m/it/10 Contains\OT1/cmr/m/n/10 (\OMS/cmsy/m/n/10 ^^@ \OML/cmm/m/it/10
 >
 []


Overfull \hbox (248.5386pt too wide) in paragraph at lines 2--6
\OML/cmm/m/it/10 GeomFromText\OT1/cmr/m/n/10 ([]\OML/cmm/m/it/10 POLYGON\OT1/cm
r/m/n/10 ((00\OML/cmm/m/it/10 ; \OT1/cmr/m/n/10 01\OML/cmm/m/it/10 ; \OT1/cmr/m
/n/10 11\OML/cmm/m/it/10 ; \OT1/cmr/m/n/10 20\OML/cmm/m/it/10 ; \OT1/cmr/m/n/10
 00))[])\OML/cmm/m/it/10 ; \OMS/cmsy/m/n/10 ^^@ \OML/cmm/m/it/10 >
 []


Overfull \hbox (26.79977pt too wide) in paragraph at lines 2--6
\OML/cmm/m/it/10 loc\OT1/cmr/m/n/10 ) =
 []


Overfull \hbox (7.7778pt too wide) in paragraph at lines 2--6
\OT1/cmr/m/n/10 1;$ 
 []


! LaTeX Error: Missing \begin{document}.

See the LaTeX manual or LaTeX Companion for explanation.
Type  H <return>  for immediate help.
 ...                                              
                                                  
l.7 +
     --------------+----------------------+
You're in trouble here.  Try typing  <return>  to proceed.
If that doesn't work, type  X <return>  to quit.

Missing character: There is no + in font nullfont!
Missing character: There is no - in font nullfont!
Missing character: There is no - in font nullfont!
Missing character: There is no - in font nullfont!
Missing character: There is no - in font nullfont!
Missing character: There is no - in font nullfont!
Missing character: There is no - in font nullfont!
Missing character: There is no - in font nullfont!
Missing character: There is no - in font nullfont!
Missing character: There is no - in font nullfont!
Missing character: There is no - in font nullfont!
Missing character: There is no - in font nullfont!
Missing character: There is no - in font nullfont!
Missing character: There is no - in font nullfont!
Missing character: There is no - in font nullfont!
Missing character: There is no + in font nullfont!
Missing character: There is no - in font nullfont!
Missing character: There is no - in font nullfont!
Missing character: There is no - in font nullfont!
Missing character: There is no - in font nullfont!
Missing character: There is no - in font nullfont!
Missing character: There is no - in font nullfont!
Missing character: There is no - in font nullfont!
Missing character: There is no - in font nullfont!
Missing character: There is no - in font nullfont!
Missing character: There is no - in font nullfont!
Missing character: There is no - in font nullfont!
Missing character: There is no - in font nullfont!
Missing character: There is no - in font nullfont!
Missing character: There is no - in font nullfont!
Missing character: There is no - in font nullfont!
Missing character: There is no - in font nullfont!
Missing character: There is no - in font nullfont!
Missing character: There is no - in font nullfont!
Missing character: There is no - in font nullfont!
Missing character: There is no - in font nullfont!
Missing character: There is no - in font nullfont!
Missing character: There is no - in font nullfont!
Missing character: There is no + in font nullfont!
Missing character: There is no | in font nullfont!
Missing character: There is no n in font nullfont!
Missing character: There is no a in font nullfont!
Missing character: There is no m in font nullfont!
Missing character: There is no e in font nullfont!
Missing character: There is no | in font nullfont!
Missing character: There is no A in font nullfont!
Missing character: There is no s in font nullfont!
Missing character: There is no T in font nullfont!
Missing character: There is no e in font nullfont!
Missing character: There is no x in font nullfont!
Missing character: There is no t in font nullfont!
Missing character: There is no ( in font nullfont!
Missing character: There is no l in font nullfont!
Missing character: There is no o in font nullfont!
Missing character: There is no c in font nullfont!
Missing character: There is no ) in font nullfont!
Missing character: There is no | in font nullfont!
Missing character: There is no + in font nullfont!
Missing character: There is no - in font nullfont!
Missing character: There is no - in font nullfont!
Missing character: There is no - in font nullfont!
Missing character: There is no - in font nullfont!
Missing character: There is no - in font nullfont!
Missing character: There is no - in font nullfont!
Missing character: There is no - in font nullfont!
Missing character: There is no - in font nullfont!
Missing character: There is no - in font nullfont!
Missing character: There is no - in font nullfont!
Missing character: There is no - in font nullfont!
Missing character: There is no - in font nullfont!
Missing character: There is no - in font nullfont!
Missing character: There is no - in font nullfont!
Missing character: There is no + in font nullfont!
Missing character: There is no - in font nullfont!
Missing character: There is no - in font nullfont!
Missing character: There is no - in font nullfont!
Missing character: There is no - in font nullfont!
Missing character: There is no - in font nullfont!
Missing character: There is no - in font nullfont!
Missing character: There is no - in font nullfont!
Missing character: There is no - in font nullfont!
Missing character: There is no - in font nullfont!
Missing character: There is no - in font nullfont!
Missing character: There is no - in font nullfont!
Missing character: There is no - in font nullfont!
Missing character: There is no - in font nullfont!
Missing character: There is no - in font nullfont!
Missing character: There is no - in font nullfont!
Missing character: There is no - in font nullfont!
Missing character: There is no - in font nullfont!
Missing character: There is no - in font nullfont!
Missing character: There is no - in font nullfont!
Missing character: There is no - in font nullfont!
Missing character: There is no - in font nullfont!
Missing character: There is no - in font nullfont!
Missing character: There is no + in font nullfont!
Missing character: There is no | in font nullfont!
Missing character: There is no n in font nullfont!
Missing character: There is no a in font nullfont!
Missing character: There is no m in font nullfont!
Missing character: There is no e in font nullfont!
! Missing $ inserted.
<inserted text> 
                $
l.10 | name_
            12768.0 | POINT(0.6646 0.7551) |
I've inserted a begin-math/end-math symbol since I think
you left one out. Proceed, with fingers crossed.


! LaTeX Error: \begin{document} ended by \end{alltt}.

See the LaTeX manual or LaTeX Companion for explanation.
Type  H <return>  for immediate help.
 ...                                              
                                                  
l.15 \end{alltt}
                
Your command was ignored.
Type  I <command> <return>  to replace it with another command,
or  <return>  to continue without it.

! Missing $ inserted.
<inserted text> 
                $
l.15 \end{alltt}
                
I've inserted something that you may have forgotten.
(See the <inserted text> above.)
With luck, this will get me unwedged. But if you
really didn't forget anything, try typing `2' now; then
my insertion and my current dilemma will both disappear.


Overfull \hbox (20.0pt too wide) in paragraph at lines 7--16
[]
 []


Overfull \hbox (478.00017pt too wide) in paragraph at lines 7--16
[]\OT1/cmr/m/n/10 2768\OML/cmm/m/it/10 :\OT1/cmr/m/n/10 0\OMS/cmsy/m/n/10 j\OML
/cmm/m/it/10 POINT\OT1/cmr/m/n/10 (0\OML/cmm/m/it/10 :\OT1/cmr/m/n/10 66460\OML
/cmm/m/it/10 :\OT1/cmr/m/n/10 7551)\OMS/cmsy/m/n/10 jj\OML/cmm/m/it/10 name[]\O
T1/cmr/m/n/10 4707\OML/cmm/m/it/10 :\OT1/cmr/m/n/10 0\OMS/cmsy/m/n/10 j\OML/cmm
/m/it/10 POINT\OT1/cmr/m/n/10 (1\OML/cmm/m/it/10 :\OT1/cmr/m/n/10 89410\OML/cmm
/m/it/10 :\OT1/cmr/m/n/10 1449)\OMS/cmsy/m/n/10 jj\OML/cmm/m/it/10 name[]\OT1/c
mr/m/n/10 9530\OML/cmm/m/it/10 :\OT1/cmr/m/n/10 0\OMS/cmsy/m/n/10 j\OML/cmm/m/i
t/10 POINT\OT1/cmr/m/n/10 (0\OML/cmm/m/it/10 :\OT1/cmr/m/n/10 19380\OML/cmm/m/i
t/10 :\OT1/cmr/m/n/10 0931)\OMS/cmsy/m/n/10 j \OT1/cmr/m/n/10 +
 []


Overfull \hbox (15.5556pt too wide) in paragraph at lines 7--16
\OMS/cmsy/m/n/10 ^^@ ^^@
 []


Overfull \hbox (15.5556pt too wide) in paragraph at lines 7--16
\OMS/cmsy/m/n/10 ^^@ ^^@
 []


Overfull \hbox (15.5556pt too wide) in paragraph at lines 7--16
\OMS/cmsy/m/n/10 ^^@ ^^@
 []


Overfull \hbox (15.5556pt too wide) in paragraph at lines 7--16
\OMS/cmsy/m/n/10 ^^@ ^^@
 []


Overfull \hbox (15.5556pt too wide) in paragraph at lines 7--16
\OMS/cmsy/m/n/10 ^^@ ^^@
 []


Overfull \hbox (15.5556pt too wide) in paragraph at lines 7--16
\OMS/cmsy/m/n/10 ^^@ ^^@
 []


Overfull \hbox (15.5556pt too wide) in paragraph at lines 7--16
\OMS/cmsy/m/n/10 ^^@ ^^@
 []


Overfull \hbox (15.5556pt too wide) in paragraph at lines 7--16
\OT1/cmr/m/n/10 + \OMS/cmsy/m/n/10 ^^@
 []


Overfull \hbox (15.5556pt too wide) in paragraph at lines 7--16
\OMS/cmsy/m/n/10 ^^@ ^^@
 []


Overfull \hbox (15.5556pt too wide) in paragraph at lines 7--16
\OMS/cmsy/m/n/10 ^^@ ^^@
 []


Overfull \hbox (15.5556pt too wide) in paragraph at lines 7--16
\OMS/cmsy/m/n/10 ^^@ ^^@
 []


Overfull \hbox (15.5556pt too wide) in paragraph at lines 7--16
\OMS/cmsy/m/n/10 ^^@ ^^@
 []


Overfull \hbox (15.5556pt too wide) in paragraph at lines 7--16
\OMS/cmsy/m/n/10 ^^@ ^^@
 []


Overfull \hbox (15.5556pt too wide) in paragraph at lines 7--16
\OMS/cmsy/m/n/10 ^^@ ^^@
 []


Overfull \hbox (15.5556pt too wide) in paragraph at lines 7--16
\OMS/cmsy/m/n/10 ^^@ ^^@
 []


Overfull \hbox (15.5556pt too wide) in paragraph at lines 7--16
\OMS/cmsy/m/n/10 ^^@ ^^@
 []


Overfull \hbox (15.5556pt too wide) in paragraph at lines 7--16
\OMS/cmsy/m/n/10 ^^@ ^^@
 []


Overfull \hbox (15.5556pt too wide) in paragraph at lines 7--16
\OMS/cmsy/m/n/10 ^^@ ^^@
 []


Overfull \hbox (15.5556pt too wide) in paragraph at lines 7--16
\OMS/cmsy/m/n/10 ^^@ \OT1/cmr/m/n/10 +
 []


Overfull \hbox (88.38168pt too wide) in paragraph at lines 7--16
\OT1/cmr/m/n/10 3\OML/cmm/m/it/10 rowsinset\OT1/cmr/m/n/10 (0\OML/cmm/m/it/10 :
\OT1/cmr/m/n/10 05\OML/cmm/m/it/10 sec\OT1/cmr/m/n/10 )$ 
 []

)
! Emergency stop.
<*> index.tex
             
*** (job aborted, no legal \end found)

 
Here is how much of TeX's memory you used:
 8 strings out of 493847
 165 string characters out of 3153979
 49936 words of memory out of 3000000
 3385 multiletter control sequences out of 15000+200000
 3640 words of font info for 14 fonts, out of 3000000 for 9000
 714 hyphenation exceptions out of 8191
 18i,2n,12p,80b,58s stack positions out of 5000i,500n,10000p,200000b,50000s
!  ==> Fatal error occurred, no output PDF file produced!
